<?xml version="1.0" encoding="UTF-8"?>
<testsuite xmlns:xsi="http://www.w3.org/2001/XMLSchema-instance" xsi:noNamespaceSchemaLocation="https://maven.apache.org/surefire/maven-surefire-plugin/xsd/surefire-test-report.xsd" name="br.com.swconsultoria.nfe.NfeTest" time="2.204" tests="2" errors="0" skipped="0" failures="0">
  <properties>
    <property name="sun.desktop" value="windows"/>
    <property name="awt.toolkit" value="sun.awt.windows.WToolkit"/>
    <property name="file.encoding.pkg" value="sun.io"/>
    <property name="java.specification.version" value="1.8"/>
    <property name="sun.cpu.isalist" value="amd64"/>
    <property name="sun.jnu.encoding" value="Cp1252"/>
    <property name="java.class.path" value="C:\Users\rafael.santos\CIPA\CEFAZ-POC\Java_NFe\target\test-classes;C:\Users\rafael.santos\CIPA\CEFAZ-POC\Java_NFe\target\classes;C:\Users\rafael.santos\.m2\repository\br\com\swconsultoria\java_certificado\2.3\java_certificado-2.3.jar;C:\Users\rafael.santos\.m2\repository\commons-httpclient\commons-httpclient\3.1\commons-httpclient-3.1.jar;C:\Users\rafael.santos\.m2\repository\commons-codec\commons-codec\1.2\commons-codec-1.2.jar;C:\Users\rafael.santos\.m2\repository\org\bouncycastle\bcprov-jdk16\1.46\bcprov-jdk16-1.46.jar;C:\Users\rafael.santos\.m2\repository\org\ini4j\ini4j\0.5.4\ini4j-0.5.4.jar;C:\Users\rafael.santos\.m2\repository\org\apache\httpcomponents\httpcore\4.4.6\httpcore-4.4.6.jar;C:\Users\rafael.santos\.m2\repository\com\sun\xml\bind\jaxb-impl\2.3.1\jaxb-impl-2.3.1.jar;C:\Users\rafael.santos\.m2\repository\com\sun\xml\bind\jaxb-xjc\2.3.1\jaxb-xjc-2.3.1.jar;C:\Users\rafael.santos\.m2\repository\com\sun\xml\bind\jaxb-core\2.3.0.1\jaxb-core-2.3.0.1.jar;C:\Users\rafael.santos\.m2\repository\org\apache\axis2\axis2-kernel\1.7.5\axis2-kernel-1.7.5.jar;C:\Users\rafael.santos\.m2\repository\org\apache\ws\commons\axiom\axiom-impl\1.2.20\axiom-impl-1.2.20.jar;C:\Users\rafael.santos\.m2\repository\org\codehaus\woodstox\woodstox-core-asl\4.2.0\woodstox-core-asl-4.2.0.jar;C:\Users\rafael.santos\.m2\repository\org\codehaus\woodstox\stax2-api\3.1.1\stax2-api-3.1.1.jar;C:\Users\rafael.santos\.m2\repository\org\apache\geronimo\specs\geronimo-ws-metadata_2.0_spec\1.1.2\geronimo-ws-metadata_2.0_spec-1.1.2.jar;C:\Users\rafael.santos\.m2\repository\org\apache\geronimo\specs\geronimo-jta_1.1_spec\1.1\geronimo-jta_1.1_spec-1.1.jar;C:\Users\rafael.santos\.m2\repository\commons-fileupload\commons-fileupload\1.3.1\commons-fileupload-1.3.1.jar;C:\Users\rafael.santos\.m2\repository\wsdl4j\wsdl4j\1.6.2\wsdl4j-1.6.2.jar;C:\Users\rafael.santos\.m2\repository\org\apache\ws\xmlschema\xmlschema-core\2.2.1\xmlschema-core-2.2.1.jar;C:\Users\rafael.santos\.m2\repository\org\apache\neethi\neethi\3.0.3\neethi-3.0.3.jar;C:\Users\rafael.santos\.m2\repository\org\apache\woden\woden-core\1.0M10\woden-core-1.0M10.jar;C:\Users\rafael.santos\.m2\repository\commons-logging\commons-logging\1.1.1\commons-logging-1.1.1.jar;C:\Users\rafael.santos\.m2\repository\javax\ws\rs\jsr311-api\1.1.1\jsr311-api-1.1.1.jar;C:\Users\rafael.santos\.m2\repository\commons-io\commons-io\2.1\commons-io-2.1.jar;C:\Users\rafael.santos\.m2\repository\org\apache\axis2\axis2-adb\1.7.5\axis2-adb-1.7.5.jar;C:\Users\rafael.santos\.m2\repository\org\apache\ws\commons\axiom\axiom-dom\1.2.20\axiom-dom-1.2.20.jar;C:\Users\rafael.santos\.m2\repository\org\apache\geronimo\specs\geronimo-activation_1.1_spec\1.0.2\geronimo-activation_1.1_spec-1.0.2.jar;C:\Users\rafael.santos\.m2\repository\org\apache\axis2\axis2-jaxws\1.7.5\axis2-jaxws-1.7.5.jar;C:\Users\rafael.santos\.m2\repository\org\apache\geronimo\specs\geronimo-annotation_1.0_spec\1.1\geronimo-annotation_1.0_spec-1.1.jar;C:\Users\rafael.santos\.m2\repository\org\apache\geronimo\specs\geronimo-jaxws_2.2_spec\1.0\geronimo-jaxws_2.2_spec-1.0.jar;C:\Users\rafael.santos\.m2\repository\org\apache\axis2\axis2-saaj\1.7.5\axis2-saaj-1.7.5.jar;C:\Users\rafael.santos\.m2\repository\org\apache\geronimo\specs\geronimo-saaj_1.3_spec\1.0.1\geronimo-saaj_1.3_spec-1.0.1.jar;C:\Users\rafael.santos\.m2\repository\org\apache\axis2\axis2-metadata\1.7.5\axis2-metadata-1.7.5.jar;C:\Users\rafael.santos\.m2\repository\com\sun\xml\ws\jaxws-tools\2.1.3\jaxws-tools-2.1.3.jar;C:\Users\rafael.santos\.m2\repository\org\apache\geronimo\specs\geronimo-javamail_1.4_spec\1.6\geronimo-javamail_1.4_spec-1.6.jar;C:\Users\rafael.santos\.m2\repository\xml-resolver\xml-resolver\1.2\xml-resolver-1.2.jar;C:\Users\rafael.santos\.m2\repository\xalan\xalan\2.7.0\xalan-2.7.0.jar;C:\Users\rafael.santos\.m2\repository\javax\xml\bind\jaxb-api\2.2.6\jaxb-api-2.2.6.jar;C:\Users\rafael.santos\.m2\repository\org\apache\axis2\axis2-transport-http\1.7.5\axis2-transport-http-1.7.5.jar;C:\Users\rafael.santos\.m2\repository\org\apache\httpcomponents\httpclient\4.5.2\httpclient-4.5.2.jar;C:\Users\rafael.santos\.m2\repository\org\apache\axis2\axis2-transport-local\1.7.5\axis2-transport-local-1.7.5.jar;C:\Users\rafael.santos\.m2\repository\org\apache\ws\commons\axiom\axiom-api\1.2.20\axiom-api-1.2.20.jar;C:\Users\rafael.santos\.m2\repository\jaxen\jaxen\1.1.6\jaxen-1.1.6.jar;C:\Users\rafael.santos\.m2\repository\org\apache\geronimo\specs\geronimo-stax-api_1.0_spec\1.0.1\geronimo-stax-api_1.0_spec-1.0.1.jar;C:\Users\rafael.santos\.m2\repository\org\apache\james\apache-mime4j-core\0.7.2\apache-mime4j-core-0.7.2.jar;C:\Users\rafael.santos\.m2\repository\org\jmockit\jmockit\1.46\jmockit-1.46.jar;C:\Users\rafael.santos\.m2\repository\com\google\code\findbugs\jsr305\3.0.2\jsr305-3.0.2.jar;C:\Users\rafael.santos\.m2\repository\org\junit\jupiter\junit-jupiter\5.4.0\junit-jupiter-5.4.0.jar;C:\Users\rafael.santos\.m2\repository\org\junit\jupiter\junit-jupiter-api\5.4.0\junit-jupiter-api-5.4.0.jar;C:\Users\rafael.santos\.m2\repository\org\apiguardian\apiguardian-api\1.0.0\apiguardian-api-1.0.0.jar;C:\Users\rafael.santos\.m2\repository\org\opentest4j\opentest4j\1.1.1\opentest4j-1.1.1.jar;C:\Users\rafael.santos\.m2\repository\org\junit\platform\junit-platform-commons\1.4.0\junit-platform-commons-1.4.0.jar;C:\Users\rafael.santos\.m2\repository\org\junit\jupiter\junit-jupiter-params\5.4.0\junit-jupiter-params-5.4.0.jar;C:\Users\rafael.santos\.m2\repository\org\junit\jupiter\junit-jupiter-engine\5.4.0\junit-jupiter-engine-5.4.0.jar;C:\Users\rafael.santos\.m2\repository\org\junit\platform\junit-platform-engine\1.4.0\junit-platform-engine-1.4.0.jar;"/>
    <property name="java.vm.vendor" value="Oracle Corporation"/>
    <property name="sun.arch.data.model" value="64"/>
    <property name="user.variant" value=""/>
    <property name="java.vendor.url" value="http://java.oracle.com/"/>
    <property name="user.timezone" value="America/Sao_Paulo"/>
    <property name="java.vm.specification.version" value="1.8"/>
    <property name="os.name" value="Windows 10"/>
    <property name="gpg.skip" value="true"/>
    <property name="user.country" value="BR"/>
    <property name="sun.java.launcher" value="SUN_STANDARD"/>
    <property name="sun.boot.library.path" value="C:\Program Files\Java\jdk1.8.0_211\jre\bin"/>
    <property name="sun.java.command" value="C:\Users\RAFAEL~1.SAN\AppData\Local\Temp\surefire6095376246338590850\surefirebooter6180538375955415366.jar C:\Users\rafael.santos\AppData\Local\Temp\surefire6095376246338590850 2019-09-05T12-39-05_805-jvmRun1 surefire8394756347734919198tmp surefire_06059354133203988404tmp"/>
    <property name="surefire.test.class.path" value="C:\Users\rafael.santos\CIPA\CEFAZ-POC\Java_NFe\target\test-classes;C:\Users\rafael.santos\CIPA\CEFAZ-POC\Java_NFe\target\classes;C:\Users\rafael.santos\.m2\repository\br\com\swconsultoria\java_certificado\2.3\java_certificado-2.3.jar;C:\Users\rafael.santos\.m2\repository\commons-httpclient\commons-httpclient\3.1\commons-httpclient-3.1.jar;C:\Users\rafael.santos\.m2\repository\commons-codec\commons-codec\1.2\commons-codec-1.2.jar;C:\Users\rafael.santos\.m2\repository\org\bouncycastle\bcprov-jdk16\1.46\bcprov-jdk16-1.46.jar;C:\Users\rafael.santos\.m2\repository\org\ini4j\ini4j\0.5.4\ini4j-0.5.4.jar;C:\Users\rafael.santos\.m2\repository\org\apache\httpcomponents\httpcore\4.4.6\httpcore-4.4.6.jar;C:\Users\rafael.santos\.m2\repository\com\sun\xml\bind\jaxb-impl\2.3.1\jaxb-impl-2.3.1.jar;C:\Users\rafael.santos\.m2\repository\com\sun\xml\bind\jaxb-xjc\2.3.1\jaxb-xjc-2.3.1.jar;C:\Users\rafael.santos\.m2\repository\com\sun\xml\bind\jaxb-core\2.3.0.1\jaxb-core-2.3.0.1.jar;C:\Users\rafael.santos\.m2\repository\org\apache\axis2\axis2-kernel\1.7.5\axis2-kernel-1.7.5.jar;C:\Users\rafael.santos\.m2\repository\org\apache\ws\commons\axiom\axiom-impl\1.2.20\axiom-impl-1.2.20.jar;C:\Users\rafael.santos\.m2\repository\org\codehaus\woodstox\woodstox-core-asl\4.2.0\woodstox-core-asl-4.2.0.jar;C:\Users\rafael.santos\.m2\repository\org\codehaus\woodstox\stax2-api\3.1.1\stax2-api-3.1.1.jar;C:\Users\rafael.santos\.m2\repository\org\apache\geronimo\specs\geronimo-ws-metadata_2.0_spec\1.1.2\geronimo-ws-metadata_2.0_spec-1.1.2.jar;C:\Users\rafael.santos\.m2\repository\org\apache\geronimo\specs\geronimo-jta_1.1_spec\1.1\geronimo-jta_1.1_spec-1.1.jar;C:\Users\rafael.santos\.m2\repository\commons-fileupload\commons-fileupload\1.3.1\commons-fileupload-1.3.1.jar;C:\Users\rafael.santos\.m2\repository\wsdl4j\wsdl4j\1.6.2\wsdl4j-1.6.2.jar;C:\Users\rafael.santos\.m2\repository\org\apache\ws\xmlschema\xmlschema-core\2.2.1\xmlschema-core-2.2.1.jar;C:\Users\rafael.santos\.m2\repository\org\apache\neethi\neethi\3.0.3\neethi-3.0.3.jar;C:\Users\rafael.santos\.m2\repository\org\apache\woden\woden-core\1.0M10\woden-core-1.0M10.jar;C:\Users\rafael.santos\.m2\repository\commons-logging\commons-logging\1.1.1\commons-logging-1.1.1.jar;C:\Users\rafael.santos\.m2\repository\javax\ws\rs\jsr311-api\1.1.1\jsr311-api-1.1.1.jar;C:\Users\rafael.santos\.m2\repository\commons-io\commons-io\2.1\commons-io-2.1.jar;C:\Users\rafael.santos\.m2\repository\org\apache\axis2\axis2-adb\1.7.5\axis2-adb-1.7.5.jar;C:\Users\rafael.santos\.m2\repository\org\apache\ws\commons\axiom\axiom-dom\1.2.20\axiom-dom-1.2.20.jar;C:\Users\rafael.santos\.m2\repository\org\apache\geronimo\specs\geronimo-activation_1.1_spec\1.0.2\geronimo-activation_1.1_spec-1.0.2.jar;C:\Users\rafael.santos\.m2\repository\org\apache\axis2\axis2-jaxws\1.7.5\axis2-jaxws-1.7.5.jar;C:\Users\rafael.santos\.m2\repository\org\apache\geronimo\specs\geronimo-annotation_1.0_spec\1.1\geronimo-annotation_1.0_spec-1.1.jar;C:\Users\rafael.santos\.m2\repository\org\apache\geronimo\specs\geronimo-jaxws_2.2_spec\1.0\geronimo-jaxws_2.2_spec-1.0.jar;C:\Users\rafael.santos\.m2\repository\org\apache\axis2\axis2-saaj\1.7.5\axis2-saaj-1.7.5.jar;C:\Users\rafael.santos\.m2\repository\org\apache\geronimo\specs\geronimo-saaj_1.3_spec\1.0.1\geronimo-saaj_1.3_spec-1.0.1.jar;C:\Users\rafael.santos\.m2\repository\org\apache\axis2\axis2-metadata\1.7.5\axis2-metadata-1.7.5.jar;C:\Users\rafael.santos\.m2\repository\com\sun\xml\ws\jaxws-tools\2.1.3\jaxws-tools-2.1.3.jar;C:\Users\rafael.santos\.m2\repository\org\apache\geronimo\specs\geronimo-javamail_1.4_spec\1.6\geronimo-javamail_1.4_spec-1.6.jar;C:\Users\rafael.santos\.m2\repository\xml-resolver\xml-resolver\1.2\xml-resolver-1.2.jar;C:\Users\rafael.santos\.m2\repository\xalan\xalan\2.7.0\xalan-2.7.0.jar;C:\Users\rafael.santos\.m2\repository\javax\xml\bind\jaxb-api\2.2.6\jaxb-api-2.2.6.jar;C:\Users\rafael.santos\.m2\repository\org\apache\axis2\axis2-transport-http\1.7.5\axis2-transport-http-1.7.5.jar;C:\Users\rafael.santos\.m2\repository\org\apache\httpcomponents\httpclient\4.5.2\httpclient-4.5.2.jar;C:\Users\rafael.santos\.m2\repository\org\apache\axis2\axis2-transport-local\1.7.5\axis2-transport-local-1.7.5.jar;C:\Users\rafael.santos\.m2\repository\org\apache\ws\commons\axiom\axiom-api\1.2.20\axiom-api-1.2.20.jar;C:\Users\rafael.santos\.m2\repository\jaxen\jaxen\1.1.6\jaxen-1.1.6.jar;C:\Users\rafael.santos\.m2\repository\org\apache\geronimo\specs\geronimo-stax-api_1.0_spec\1.0.1\geronimo-stax-api_1.0_spec-1.0.1.jar;C:\Users\rafael.santos\.m2\repository\org\apache\james\apache-mime4j-core\0.7.2\apache-mime4j-core-0.7.2.jar;C:\Users\rafael.santos\.m2\repository\org\jmockit\jmockit\1.46\jmockit-1.46.jar;C:\Users\rafael.santos\.m2\repository\com\google\code\findbugs\jsr305\3.0.2\jsr305-3.0.2.jar;C:\Users\rafael.santos\.m2\repository\org\junit\jupiter\junit-jupiter\5.4.0\junit-jupiter-5.4.0.jar;C:\Users\rafael.santos\.m2\repository\org\junit\jupiter\junit-jupiter-api\5.4.0\junit-jupiter-api-5.4.0.jar;C:\Users\rafael.santos\.m2\repository\org\apiguardian\apiguardian-api\1.0.0\apiguardian-api-1.0.0.jar;C:\Users\rafael.santos\.m2\repository\org\opentest4j\opentest4j\1.1.1\opentest4j-1.1.1.jar;C:\Users\rafael.santos\.m2\repository\org\junit\platform\junit-platform-commons\1.4.0\junit-platform-commons-1.4.0.jar;C:\Users\rafael.santos\.m2\repository\org\junit\jupiter\junit-jupiter-params\5.4.0\junit-jupiter-params-5.4.0.jar;C:\Users\rafael.santos\.m2\repository\org\junit\jupiter\junit-jupiter-engine\5.4.0\junit-jupiter-engine-5.4.0.jar;C:\Users\rafael.santos\.m2\repository\org\junit\platform\junit-platform-engine\1.4.0\junit-platform-engine-1.4.0.jar;"/>
    <property name="sun.cpu.endian" value="little"/>
    <property name="user.home" value="C:\Users\rafael.santos"/>
    <property name="user.language" value="pt"/>
    <property name="java.specification.vendor" value="Oracle Corporation"/>
    <property name="java.home" value="C:\Program Files\Java\jdk1.8.0_211\jre"/>
    <property name="basedir" value="C:\Users\rafael.santos\CIPA\CEFAZ-POC\Java_NFe"/>
    <property name="file.separator" value="\"/>
    <property name="line.separator" value="&#10;"/>
    <property name="java.vm.specification.vendor" value="Oracle Corporation"/>
    <property name="java.specification.name" value="Java Platform API Specification"/>
    <property name="java.awt.graphicsenv" value="sun.awt.Win32GraphicsEnvironment"/>
    <property name="surefire.real.class.path" value="C:\Users\RAFAEL~1.SAN\AppData\Local\Temp\surefire6095376246338590850\surefirebooter6180538375955415366.jar;src/test/resources/agent.jar"/>
    <property name="sun.boot.class.path" value="C:\Program Files\Java\jdk1.8.0_211\jre\lib\resources.jar;C:\Program Files\Java\jdk1.8.0_211\jre\lib\rt.jar;C:\Program Files\Java\jdk1.8.0_211\jre\lib\sunrsasign.jar;C:\Program Files\Java\jdk1.8.0_211\jre\lib\jsse.jar;C:\Program Files\Java\jdk1.8.0_211\jre\lib\jce.jar;C:\Program Files\Java\jdk1.8.0_211\jre\lib\charsets.jar;C:\Program Files\Java\jdk1.8.0_211\jre\lib\jfr.jar;C:\Program Files\Java\jdk1.8.0_211\jre\classes"/>
    <property name="user.script" value=""/>
    <property name="sun.management.compiler" value="HotSpot 64-Bit Tiered Compilers"/>
    <property name="java.runtime.version" value="1.8.0_211-b12"/>
    <property name="user.name" value="rafael.santos"/>
    <property name="path.separator" value=";"/>
    <property name="os.version" value="10.0"/>
    <property name="java.endorsed.dirs" value="C:\Program Files\Java\jdk1.8.0_211\jre\lib\endorsed"/>
    <property name="java.runtime.name" value="Java(TM) SE Runtime Environment"/>
    <property name="file.encoding" value="Cp1252"/>
    <property name="java.vm.name" value="Java HotSpot(TM) 64-Bit Server VM"/>
    <property name="localRepository" value="C:\Users\rafael.santos\.m2\repository"/>
    <property name="java.vendor.url.bug" value="http://bugreport.sun.com/bugreport/"/>
    <property name="java.io.tmpdir" value="C:\Users\RAFAEL~1.SAN\AppData\Local\Temp\"/>
    <property name="java.version" value="1.8.0_211"/>
    <property name="user.dir" value="C:\Users\rafael.santos\CIPA\CEFAZ-POC\Java_NFe"/>
    <property name="os.arch" value="amd64"/>
    <property name="java.vm.specification.name" value="Java Virtual Machine Specification"/>
    <property name="java.awt.printerjob" value="sun.awt.windows.WPrinterJob"/>
    <property name="sun.os.patch.level" value=""/>
    <property name="java.library.path" value="C:\Program Files\Java\jdk1.8.0_211\jre\bin;C:\WINDOWS\Sun\Java\bin;C:\WINDOWS\system32;C:\WINDOWS;C:\ProgramData\DockerDesktop\version-bin;C:\Program Files\Docker\Docker\Resources\bin;C:\Program Files (x86)\Common Files\Oracle\Java\javapath;C:\WINDOWS\system32;C:\WINDOWS;C:\WINDOWS\System32\Wbem;C:\WINDOWS\System32\WindowsPowerShell\v1.0\;C:\WINDOWS\System32\OpenSSH\;C:\Program Files\Git\cmd;C:\Program Files\Java\jdk1.8.0_211\bin;C:\cygwin64\bin;C:\Python27;C:\Python27\Scripts;C:\Users\rafael.santos\Android\tools;C:\Users\rafael.santos\Android\platform-tools;C:\Program Files (x86)\Yarn\bin\;C:\Program Files\WinRAR;C:\Users\rafael.santos\eclipse;C:\Users\rafael.santos\apache-maven-3.6.1\bin\;C:\Program Files\Amazon\AWSCLI\bin\;C:\Users\rafael.santos\AppData\Roaming\nvm;C:\Program Files\nodejs;C:\Users\rafael.santos\Android\emulator;C:\Users\rafael.santos\Android\tools\bin;C:\Users\rafael.santos\AppData\Local\Microsoft\WindowsApps;C:\Users\rafael.santos\AppData\Local\Programs\Microsoft VS Code\bin;C:\Users\rafael.santos\AppData\Roaming\npm;C:\Users\rafael.santos\AppData\Roaming\nvm;C:\Program Files\nodejs;."/>
    <property name="java.vm.info" value="mixed mode"/>
    <property name="java.vendor" value="Oracle Corporation"/>
    <property name="java.vm.version" value="25.211-b12"/>
    <property name="java.ext.dirs" value="C:\Program Files\Java\jdk1.8.0_211\jre\lib\ext;C:\WINDOWS\Sun\Java\lib\ext"/>
    <property name="sun.io.unicode.encoding" value="UnicodeLittle"/>
    <property name="java.class.version" value="52.0"/>
  </properties>
  <testcase name="testeCancelamento{NFeRecepcaoEvento4Stub}" classname="br.com.swconsultoria.nfe.NfeTest" time="1.332"/>
  <testcase name="testeStatusServico{NFeStatusServico4Stub}" classname="br.com.swconsultoria.nfe.NfeTest" time="0.207"/>
</testsuite>